{"/home/yurii/web/krrop-oncod-front-end/krrop-oncod/src/App.vue": {"path":"/home/yurii/web/krrop-oncod-front-end/krrop-oncod/src/App.vue","statementMap":{"0":{"start":{"line":7,"column":0},"end":{"line":7,"column":null}},"1":{"start":{"line":8,"column":0},"end":{"line":8,"column":null}},"2":{"start":{"line":10,"column":0},"end":{"line":10,"column":null}},"3":{"start":{"line":17,"column":0},"end":{"line":17,"column":null}},"4":{"start":{"line":18,"column":0},"end":{"line":18,"column":null}},"5":{"start":{"line":17,"column":0},"end":{"line":12,"column":null}}},"fnMap":{"0":{"name":"(anonymous_1)","decl":{"start":{"line":17,"column":0},"end":{"line":17,"column":null}},"loc":{"start":{"line":17,"column":0},"end":{"line":34,"column":null}}}},"branchMap":{},"s":{"0":1,"1":1,"2":1,"3":1,"4":1,"5":1},"f":{"0":1},"b":{}}
,"/home/yurii/web/krrop-oncod-front-end/krrop-oncod/src/interfaces.ts": {"path":"/home/yurii/web/krrop-oncod-front-end/krrop-oncod/src/interfaces.ts","statementMap":{"0":{"start":{"line":7,"column":0},"end":{"line":7,"column":null}},"1":{"start":{"line":8,"column":4},"end":{"line":8,"column":null}},"2":{"start":{"line":9,"column":4},"end":{"line":9,"column":null}},"3":{"start":{"line":10,"column":4},"end":{"line":10,"column":null}},"4":{"start":{"line":11,"column":4},"end":{"line":11,"column":null}},"5":{"start":{"line":12,"column":4},"end":{"line":12,"column":null}},"6":{"start":{"line":13,"column":4},"end":{"line":13,"column":null}},"7":{"start":{"line":14,"column":4},"end":{"line":14,"column":null}}},"fnMap":{"0":{"name":"(anonymous_0)","decl":{"start":{"line":7,"column":0},"end":{"line":7,"column":12}},"loc":{"start":{"line":7,"column":18},"end":{"line":15,"column":1}}}},"branchMap":{"0":{"loc":{"start":{"line":7,"column":12},"end":{"line":7,"column":18}},"type":"binary-expr","locations":[{"start":{"line":7,"column":12},"end":{"line":7,"column":18}},{"start":{"line":7,"column":12},"end":{"line":7,"column":null}}]}},"s":{"0":1,"1":1,"2":1,"3":1,"4":1,"5":1,"6":1,"7":1},"f":{"0":1},"b":{"0":[1,1]}}
,"/home/yurii/web/krrop-oncod-front-end/krrop-oncod/src/main.ts": {"path":"/home/yurii/web/krrop-oncod-front-end/krrop-oncod/src/main.ts","statementMap":{"0":{"start":{"line":1,"column":0},"end":{"line":1,"column":22}},"1":{"start":{"line":2,"column":0},"end":{"line":2,"column":28}},"2":{"start":{"line":3,"column":0},"end":{"line":3,"column":33}},"3":{"start":{"line":4,"column":0},"end":{"line":4,"column":38}},"4":{"start":{"line":5,"column":0},"end":{"line":5,"column":40}},"5":{"start":{"line":6,"column":0},"end":{"line":6,"column":37}},"6":{"start":{"line":7,"column":0},"end":{"line":7,"column":39}},"7":{"start":{"line":8,"column":0},"end":{"line":8,"column":38}},"8":{"start":{"line":10,"column":0},"end":{"line":10,"column":33}},"9":{"start":{"line":12,"column":0},"end":{"line":14,"column":null}},"10":{"start":{"line":13,"column":2},"end":{"line":13,"column":90}},"11":{"start":{"line":16,"column":0},"end":{"line":20,"column":18}},"12":{"start":{"line":19,"column":17},"end":{"line":19,"column":23}}},"fnMap":{"0":{"name":"(anonymous_0)","decl":{"start":{"line":19,"column":10},"end":{"line":19,"column":11}},"loc":{"start":{"line":19,"column":17},"end":{"line":19,"column":23}}}},"branchMap":{"0":{"loc":{"start":{"line":12,"column":0},"end":{"line":14,"column":null}},"type":"if","locations":[{"start":{"line":12,"column":0},"end":{"line":14,"column":null}},{"start":{"line":12,"column":0},"end":{"line":14,"column":null}}]}},"s":{"0":0,"1":0,"2":0,"3":0,"4":0,"5":0,"6":0,"7":0,"8":0,"9":0,"10":0,"11":0,"12":0},"f":{"0":0},"b":{"0":[0,0]}}
,"/home/yurii/web/krrop-oncod-front-end/krrop-oncod/src/registerServiceWorker.ts": {"path":"/home/yurii/web/krrop-oncod-front-end/krrop-oncod/src/registerServiceWorker.ts","statementMap":{"0":{"start":{"line":3,"column":0},"end":{"line":3,"column":51}},"1":{"start":{"line":5,"column":0},"end":{"line":32,"column":null}},"2":{"start":{"line":6,"column":2},"end":{"line":31,"column":5}},"3":{"start":{"line":8,"column":6},"end":{"line":11,"column":8}},"4":{"start":{"line":14,"column":6},"end":{"line":14,"column":57}},"5":{"start":{"line":17,"column":6},"end":{"line":17,"column":62}},"6":{"start":{"line":20,"column":6},"end":{"line":20,"column":49}},"7":{"start":{"line":23,"column":6},"end":{"line":23,"column":63}},"8":{"start":{"line":26,"column":6},"end":{"line":26,"column":83}},"9":{"start":{"line":29,"column":6},"end":{"line":29,"column":72}}},"fnMap":{"0":{"name":"(anonymous_0)","decl":{"start":{"line":7,"column":4},"end":{"line":7,"column":9}},"loc":{"start":{"line":7,"column":9},"end":{"line":12,"column":5}}},"1":{"name":"(anonymous_1)","decl":{"start":{"line":13,"column":4},"end":{"line":13,"column":14}},"loc":{"start":{"line":13,"column":14},"end":{"line":15,"column":5}}},"2":{"name":"(anonymous_2)","decl":{"start":{"line":16,"column":4},"end":{"line":16,"column":10}},"loc":{"start":{"line":16,"column":10},"end":{"line":18,"column":5}}},"3":{"name":"(anonymous_3)","decl":{"start":{"line":19,"column":4},"end":{"line":19,"column":15}},"loc":{"start":{"line":19,"column":15},"end":{"line":21,"column":5}}},"4":{"name":"(anonymous_4)","decl":{"start":{"line":22,"column":4},"end":{"line":22,"column":11}},"loc":{"start":{"line":22,"column":11},"end":{"line":24,"column":5}}},"5":{"name":"(anonymous_5)","decl":{"start":{"line":25,"column":4},"end":{"line":25,"column":11}},"loc":{"start":{"line":25,"column":11},"end":{"line":27,"column":5}}},"6":{"name":"(anonymous_6)","decl":{"start":{"line":28,"column":4},"end":{"line":28,"column":9}},"loc":{"start":{"line":28,"column":15},"end":{"line":30,"column":5}}}},"branchMap":{"0":{"loc":{"start":{"line":5,"column":0},"end":{"line":32,"column":null}},"type":"if","locations":[{"start":{"line":5,"column":0},"end":{"line":32,"column":null}},{"start":{"line":5,"column":0},"end":{"line":32,"column":null}}]}},"s":{"0":0,"1":0,"2":0,"3":0,"4":0,"5":0,"6":0,"7":0,"8":0,"9":0},"f":{"0":0,"1":0,"2":0,"3":0,"4":0,"5":0,"6":0},"b":{"0":[0,0]}}
,"/home/yurii/web/krrop-oncod-front-end/krrop-oncod/src/shims-tsx.d.ts": {"path":"/home/yurii/web/krrop-oncod-front-end/krrop-oncod/src/shims-tsx.d.ts","statementMap":{},"fnMap":{},"branchMap":{},"s":{},"f":{},"b":{}}
,"/home/yurii/web/krrop-oncod-front-end/krrop-oncod/src/shims-vue.d.ts": {"path":"/home/yurii/web/krrop-oncod-front-end/krrop-oncod/src/shims-vue.d.ts","statementMap":{},"fnMap":{},"branchMap":{},"s":{},"f":{},"b":{}}
,"/home/yurii/web/krrop-oncod-front-end/krrop-oncod/src/@types/index.d.ts": {"path":"/home/yurii/web/krrop-oncod-front-end/krrop-oncod/src/@types/index.d.ts","statementMap":{},"fnMap":{},"branchMap":{},"s":{},"f":{},"b":{}}
,"/home/yurii/web/krrop-oncod-front-end/krrop-oncod/src/components/Layout.vue": {"path":"/home/yurii/web/krrop-oncod-front-end/krrop-oncod/src/components/Layout.vue","statementMap":{"0":{"start":{"line":7,"column":0},"end":{"line":7,"column":null}},"1":{"start":{"line":13,"column":0},"end":{"line":13,"column":null}},"2":{"start":{"line":13,"column":0},"end":{"line":9,"column":null}}},"fnMap":{},"branchMap":{},"s":{"0":2,"1":2,"2":2},"f":{},"b":{}}
,"/home/yurii/web/krrop-oncod-front-end/krrop-oncod/src/components/operator/Inspection.vue": {"path":"/home/yurii/web/krrop-oncod-front-end/krrop-oncod/src/components/operator/Inspection.vue","statementMap":{"0":{"start":{"line":17,"column":0},"end":{"line":17,"column":null}},"1":{"start":{"line":20,"column":0},"end":{"line":20,"column":null}},"2":{"start":{"line":21,"column":0},"end":{"line":21,"column":null}},"3":{"start":{"line":23,"column":0},"end":{"line":23,"column":null}}},"fnMap":{"0":{"name":"(anonymous_1)","decl":{"start":{"line":20,"column":0},"end":{"line":20,"column":null}},"loc":{"start":{"line":20,"column":0},"end":{"line":25,"column":null}}}},"branchMap":{},"s":{"0":0,"1":0,"2":0,"3":0},"f":{"0":0},"b":{}}
,"/home/yurii/web/krrop-oncod-front-end/krrop-oncod/src/components/operator/Observation.vue": {"path":"/home/yurii/web/krrop-oncod-front-end/krrop-oncod/src/components/operator/Observation.vue","statementMap":{"0":{"start":{"line":17,"column":0},"end":{"line":17,"column":null}},"1":{"start":{"line":20,"column":0},"end":{"line":20,"column":null}},"2":{"start":{"line":21,"column":0},"end":{"line":21,"column":null}},"3":{"start":{"line":23,"column":0},"end":{"line":23,"column":null}}},"fnMap":{"0":{"name":"(anonymous_1)","decl":{"start":{"line":20,"column":0},"end":{"line":20,"column":null}},"loc":{"start":{"line":20,"column":0},"end":{"line":25,"column":null}}}},"branchMap":{},"s":{"0":0,"1":0,"2":0,"3":0},"f":{"0":0},"b":{}}
,"/home/yurii/web/krrop-oncod-front-end/krrop-oncod/src/components/operator/SelfData.vue": {"path":"/home/yurii/web/krrop-oncod-front-end/krrop-oncod/src/components/operator/SelfData.vue","statementMap":{"0":{"start":{"line":51,"column":0},"end":{"line":51,"column":null}},"1":{"start":{"line":54,"column":0},"end":{"line":54,"column":null}}},"fnMap":{},"branchMap":{},"s":{"0":0,"1":0},"f":{},"b":{}}
,"/home/yurii/web/krrop-oncod-front-end/krrop-oncod/src/components/operator/Treatment.vue": {"path":"/home/yurii/web/krrop-oncod-front-end/krrop-oncod/src/components/operator/Treatment.vue","statementMap":{"0":{"start":{"line":17,"column":0},"end":{"line":17,"column":null}},"1":{"start":{"line":20,"column":0},"end":{"line":20,"column":null}},"2":{"start":{"line":21,"column":0},"end":{"line":21,"column":null}},"3":{"start":{"line":23,"column":0},"end":{"line":23,"column":null}}},"fnMap":{"0":{"name":"(anonymous_1)","decl":{"start":{"line":20,"column":0},"end":{"line":20,"column":null}},"loc":{"start":{"line":20,"column":0},"end":{"line":25,"column":null}}}},"branchMap":{},"s":{"0":0,"1":0,"2":0,"3":0},"f":{"0":0},"b":{}}
,"/home/yurii/web/krrop-oncod-front-end/krrop-oncod/src/layout/Authorization.vue": {"path":"/home/yurii/web/krrop-oncod-front-end/krrop-oncod/src/layout/Authorization.vue","statementMap":{"0":{"start":{"line":22,"column":0},"end":{"line":22,"column":null}},"1":{"start":{"line":23,"column":0},"end":{"line":23,"column":null}},"2":{"start":{"line":25,"column":0},"end":{"line":25,"column":null}},"3":{"start":{"line":26,"column":0},"end":{"line":26,"column":null}},"4":{"start":{"line":27,"column":0},"end":{"line":27,"column":null}},"5":{"start":{"line":31,"column":0},"end":{"line":31,"column":null}},"6":{"start":{"line":45,"column":0},"end":{"line":45,"column":null}},"7":{"start":{"line":46,"column":0},"end":{"line":46,"column":null}},"8":{"start":{"line":48,"column":0},"end":{"line":48,"column":null}},"9":{"start":{"line":50,"column":0},"end":{"line":50,"column":null}},"10":{"start":{"line":52,"column":0},"end":{"line":52,"column":null}},"11":{"start":{"line":54,"column":0},"end":{"line":54,"column":null}},"12":{"start":{"line":56,"column":0},"end":{"line":56,"column":null}},"13":{"start":{"line":58,"column":0},"end":{"line":58,"column":null}},"14":{"start":{"line":63,"column":0},"end":{"line":63,"column":null}},"15":{"start":{"line":64,"column":0},"end":{"line":77,"column":null}},"16":{"start":{"line":65,"column":0},"end":{"line":65,"column":null}},"17":{"start":{"line":75,"column":0},"end":{"line":75,"column":null}},"18":{"start":{"line":82,"column":0},"end":{"line":85,"column":null}},"19":{"start":{"line":84,"column":0},"end":{"line":84,"column":null}},"20":{"start":{"line":86,"column":0},"end":{"line":86,"column":null}},"21":{"start":{"line":91,"column":0},"end":{"line":93,"column":null}},"22":{"start":{"line":92,"column":0},"end":{"line":92,"column":null}},"23":{"start":{"line":98,"column":0},"end":{"line":103,"column":null}},"24":{"start":{"line":99,"column":0},"end":{"line":102,"column":null}},"25":{"start":{"line":101,"column":0},"end":{"line":101,"column":null}},"26":{"start":{"line":45,"column":0},"end":{"line":33,"column":null}}},"fnMap":{"0":{"name":"(anonymous_1)","decl":{"start":{"line":45,"column":0},"end":{"line":45,"column":null}},"loc":{"start":{"line":45,"column":0},"end":{"line":105,"column":null}}},"1":{"name":"(anonymous_2)","decl":{"start":{"line":62,"column":0},"end":{"line":62,"column":null}},"loc":{"start":{"line":62,"column":0},"end":{"line":78,"column":null}}},"2":{"name":"(anonymous_3)","decl":{"start":{"line":81,"column":0},"end":{"line":81,"column":null}},"loc":{"start":{"line":81,"column":0},"end":{"line":87,"column":null}}},"3":{"name":"(anonymous_4)","decl":{"start":{"line":90,"column":0},"end":{"line":90,"column":null}},"loc":{"start":{"line":90,"column":0},"end":{"line":94,"column":null}}},"4":{"name":"(anonymous_5)","decl":{"start":{"line":97,"column":0},"end":{"line":97,"column":null}},"loc":{"start":{"line":97,"column":0},"end":{"line":104,"column":null}}}},"branchMap":{"0":{"loc":{"start":{"line":64,"column":0},"end":{"line":77,"column":null}},"type":"if","locations":[{"start":{"line":64,"column":0},"end":{"line":77,"column":null}},{"start":{"line":64,"column":0},"end":{"line":77,"column":null}}]},"1":{"loc":{"start":{"line":82,"column":0},"end":{"line":85,"column":null}},"type":"if","locations":[{"start":{"line":82,"column":0},"end":{"line":85,"column":null}},{"start":{"line":82,"column":0},"end":{"line":85,"column":null}}]},"2":{"loc":{"start":{"line":82,"column":0},"end":{"line":82,"column":null}},"type":"binary-expr","locations":[{"start":{"line":82,"column":0},"end":{"line":82,"column":null}},{"start":{"line":82,"column":0},"end":{"line":82,"column":null}},{"start":{"line":82,"column":0},"end":{"line":82,"column":null}},{"start":{"line":82,"column":0},"end":{"line":82,"column":null}}]},"3":{"loc":{"start":{"line":91,"column":0},"end":{"line":93,"column":null}},"type":"if","locations":[{"start":{"line":91,"column":0},"end":{"line":93,"column":null}},{"start":{"line":91,"column":0},"end":{"line":93,"column":null}}]},"4":{"loc":{"start":{"line":98,"column":0},"end":{"line":103,"column":null}},"type":"if","locations":[{"start":{"line":98,"column":0},"end":{"line":103,"column":null}},{"start":{"line":98,"column":0},"end":{"line":103,"column":null}}]},"5":{"loc":{"start":{"line":99,"column":0},"end":{"line":102,"column":null}},"type":"if","locations":[{"start":{"line":99,"column":0},"end":{"line":102,"column":null}},{"start":{"line":99,"column":0},"end":{"line":102,"column":null}}]},"6":{"loc":{"start":{"line":99,"column":0},"end":{"line":99,"column":null}},"type":"binary-expr","locations":[{"start":{"line":99,"column":0},"end":{"line":99,"column":null}},{"start":{"line":99,"column":0},"end":{"line":99,"column":null}}]}},"s":{"0":1,"1":1,"2":1,"3":1,"4":1,"5":1,"6":1,"7":1,"8":1,"9":1,"10":1,"11":1,"12":1,"13":1,"14":3,"15":3,"16":1,"17":1,"18":3,"19":2,"20":1,"21":0,"22":0,"23":0,"24":0,"25":0,"26":1},"f":{"0":1,"1":3,"2":3,"3":0,"4":0},"b":{"0":[1,2],"1":[2,1],"2":[3,2,2,1],"3":[0,0],"4":[0,0],"5":[0,0],"6":[0,0]}}
,"/home/yurii/web/krrop-oncod-front-end/krrop-oncod/src/layout/common/Header.vue": {"path":"/home/yurii/web/krrop-oncod-front-end/krrop-oncod/src/layout/common/Header.vue","statementMap":{"0":{"start":{"line":13,"column":0},"end":{"line":13,"column":null}},"1":{"start":{"line":14,"column":0},"end":{"line":14,"column":null}},"2":{"start":{"line":18,"column":0},"end":{"line":18,"column":null}},"3":{"start":{"line":19,"column":0},"end":{"line":19,"column":null}},"4":{"start":{"line":21,"column":0},"end":{"line":21,"column":null}},"5":{"start":{"line":23,"column":0},"end":{"line":23,"column":null}},"6":{"start":{"line":26,"column":0},"end":{"line":26,"column":null}},"7":{"start":{"line":30,"column":0},"end":{"line":30,"column":null}},"8":{"start":{"line":31,"column":0},"end":{"line":31,"column":null}},"9":{"start":{"line":32,"column":0},"end":{"line":32,"column":null}},"10":{"start":{"line":36,"column":0},"end":{"line":36,"column":null}},"11":{"start":{"line":40,"column":0},"end":{"line":40,"column":null}},"12":{"start":{"line":44,"column":0},"end":{"line":44,"column":null}}},"fnMap":{"0":{"name":"(anonymous_1)","decl":{"start":{"line":18,"column":0},"end":{"line":18,"column":null}},"loc":{"start":{"line":18,"column":0},"end":{"line":46,"column":null}}},"1":{"name":"(anonymous_2)","decl":{"start":{"line":25,"column":0},"end":{"line":25,"column":null}},"loc":{"start":{"line":25,"column":0},"end":{"line":27,"column":null}}},"2":{"name":"(anonymous_3)","decl":{"start":{"line":29,"column":0},"end":{"line":29,"column":null}},"loc":{"start":{"line":29,"column":0},"end":{"line":33,"column":null}}},"3":{"name":"(anonymous_4)","decl":{"start":{"line":35,"column":0},"end":{"line":35,"column":null}},"loc":{"start":{"line":35,"column":0},"end":{"line":37,"column":null}}},"4":{"name":"(anonymous_5)","decl":{"start":{"line":36,"column":0},"end":{"line":36,"column":null}},"loc":{"start":{"line":36,"column":0},"end":{"line":36,"column":null}}},"5":{"name":"(anonymous_6)","decl":{"start":{"line":39,"column":0},"end":{"line":39,"column":null}},"loc":{"start":{"line":39,"column":0},"end":{"line":41,"column":null}}},"6":{"name":"(anonymous_7)","decl":{"start":{"line":43,"column":0},"end":{"line":43,"column":null}},"loc":{"start":{"line":43,"column":0},"end":{"line":45,"column":null}}}},"branchMap":{},"s":{"0":3,"1":3,"2":6,"3":1,"4":1,"5":1,"6":1,"7":0,"8":0,"9":0,"10":0,"11":0,"12":0},"f":{"0":1,"1":1,"2":0,"3":0,"4":0,"5":0,"6":0},"b":{}}
,"/home/yurii/web/krrop-oncod-front-end/krrop-oncod/src/layout/operator/PatientCard.vue": {"path":"/home/yurii/web/krrop-oncod-front-end/krrop-oncod/src/layout/operator/PatientCard.vue","statementMap":{"0":{"start":{"line":26,"column":0},"end":{"line":26,"column":null}},"1":{"start":{"line":27,"column":0},"end":{"line":27,"column":null}},"2":{"start":{"line":28,"column":0},"end":{"line":28,"column":null}},"3":{"start":{"line":35,"column":0},"end":{"line":35,"column":null}},"4":{"start":{"line":36,"column":0},"end":{"line":36,"column":null}},"5":{"start":{"line":38,"column":0},"end":{"line":38,"column":null}},"6":{"start":{"line":35,"column":0},"end":{"line":30,"column":null}}},"fnMap":{"0":{"name":"(anonymous_1)","decl":{"start":{"line":35,"column":0},"end":{"line":35,"column":null}},"loc":{"start":{"line":35,"column":0},"end":{"line":39,"column":null}}}},"branchMap":{},"s":{"0":1,"1":1,"2":1,"3":1,"4":1,"5":1,"6":1},"f":{"0":1},"b":{}}
,"/home/yurii/web/krrop-oncod-front-end/krrop-oncod/src/layout/operator/PatientsListPage.vue": {"path":"/home/yurii/web/krrop-oncod-front-end/krrop-oncod/src/layout/operator/PatientsListPage.vue","statementMap":{"0":{"start":{"line":27,"column":0},"end":{"line":27,"column":null}},"1":{"start":{"line":28,"column":0},"end":{"line":28,"column":null}},"2":{"start":{"line":29,"column":0},"end":{"line":29,"column":null}},"3":{"start":{"line":30,"column":0},"end":{"line":30,"column":null}},"4":{"start":{"line":31,"column":0},"end":{"line":31,"column":null}},"5":{"start":{"line":38,"column":0},"end":{"line":38,"column":null}},"6":{"start":{"line":39,"column":0},"end":{"line":39,"column":null}},"7":{"start":{"line":41,"column":0},"end":{"line":41,"column":null}},"8":{"start":{"line":43,"column":0},"end":{"line":43,"column":null}},"9":{"start":{"line":46,"column":0},"end":{"line":46,"column":null}},"10":{"start":{"line":38,"column":0},"end":{"line":33,"column":null}}},"fnMap":{"0":{"name":"(anonymous_1)","decl":{"start":{"line":38,"column":0},"end":{"line":38,"column":null}},"loc":{"start":{"line":38,"column":0},"end":{"line":48,"column":null}}},"1":{"name":"(anonymous_2)","decl":{"start":{"line":45,"column":0},"end":{"line":45,"column":null}},"loc":{"start":{"line":45,"column":0},"end":{"line":47,"column":null}}}},"branchMap":{},"s":{"0":1,"1":1,"2":1,"3":1,"4":1,"5":1,"6":1,"7":1,"8":1,"9":1,"10":1},"f":{"0":1,"1":1},"b":{}}
,"/home/yurii/web/krrop-oncod-front-end/krrop-oncod/src/router/index.ts": {"path":"/home/yurii/web/krrop-oncod-front-end/krrop-oncod/src/router/index.ts","statementMap":{"0":{"start":{"line":1,"column":0},"end":{"line":1,"column":35}},"1":{"start":{"line":2,"column":0},"end":{"line":2,"column":22}},"2":{"start":{"line":3,"column":0},"end":{"line":3,"column":38}},"3":{"start":{"line":5,"column":0},"end":{"line":5,"column":19}},"4":{"start":{"line":7,"column":13},"end":{"line":22,"column":2}},"5":{"start":{"line":8,"column":55},"end":{"line":8,"column":93}},"6":{"start":{"line":9,"column":61},"end":{"line":9,"column":111}},"7":{"start":{"line":13,"column":20},"end":{"line":13,"column":65}},"8":{"start":{"line":15,"column":42},"end":{"line":15,"column":88}},"9":{"start":{"line":16,"column":44},"end":{"line":16,"column":92}},"10":{"start":{"line":17,"column":45},"end":{"line":17,"column":94}},"11":{"start":{"line":18,"column":43},"end":{"line":18,"column":90}},"12":{"start":{"line":24,"column":13},"end":{"line":26,"column":3}},"13":{"start":{"line":28,"column":0},"end":{"line":31,"column":3}},"14":{"start":{"line":29,"column":2},"end":{"line":30,"column":14}},"15":{"start":{"line":29,"column":64},"end":{"line":29,"column":92}},"16":{"start":{"line":30,"column":7},"end":{"line":30,"column":14}}},"fnMap":{"0":{"name":"(anonymous_0)","decl":{"start":{"line":8,"column":50},"end":{"line":8,"column":53}},"loc":{"start":{"line":8,"column":55},"end":{"line":8,"column":93}}},"1":{"name":"(anonymous_1)","decl":{"start":{"line":8,"column":55},"end":{"line":8,"column":63}},"loc":{"start":{"line":8,"column":55},"end":{"line":8,"column":93}}},"2":{"name":"(anonymous_2)","decl":{"start":{"line":9,"column":56},"end":{"line":9,"column":59}},"loc":{"start":{"line":9,"column":61},"end":{"line":9,"column":111}}},"3":{"name":"(anonymous_3)","decl":{"start":{"line":9,"column":61},"end":{"line":9,"column":69}},"loc":{"start":{"line":9,"column":61},"end":{"line":9,"column":111}}},"4":{"name":"(anonymous_4)","decl":{"start":{"line":13,"column":15},"end":{"line":13,"column":18}},"loc":{"start":{"line":13,"column":20},"end":{"line":13,"column":65}}},"5":{"name":"(anonymous_5)","decl":{"start":{"line":13,"column":20},"end":{"line":13,"column":28}},"loc":{"start":{"line":13,"column":20},"end":{"line":13,"column":65}}},"6":{"name":"(anonymous_6)","decl":{"start":{"line":15,"column":37},"end":{"line":15,"column":40}},"loc":{"start":{"line":15,"column":42},"end":{"line":15,"column":88}}},"7":{"name":"(anonymous_7)","decl":{"start":{"line":15,"column":42},"end":{"line":15,"column":50}},"loc":{"start":{"line":15,"column":42},"end":{"line":15,"column":88}}},"8":{"name":"(anonymous_8)","decl":{"start":{"line":16,"column":39},"end":{"line":16,"column":42}},"loc":{"start":{"line":16,"column":44},"end":{"line":16,"column":92}}},"9":{"name":"(anonymous_9)","decl":{"start":{"line":16,"column":44},"end":{"line":16,"column":52}},"loc":{"start":{"line":16,"column":44},"end":{"line":16,"column":92}}},"10":{"name":"(anonymous_10)","decl":{"start":{"line":17,"column":40},"end":{"line":17,"column":43}},"loc":{"start":{"line":17,"column":45},"end":{"line":17,"column":94}}},"11":{"name":"(anonymous_11)","decl":{"start":{"line":17,"column":45},"end":{"line":17,"column":53}},"loc":{"start":{"line":17,"column":45},"end":{"line":17,"column":94}}},"12":{"name":"(anonymous_12)","decl":{"start":{"line":18,"column":38},"end":{"line":18,"column":41}},"loc":{"start":{"line":18,"column":43},"end":{"line":18,"column":90}}},"13":{"name":"(anonymous_13)","decl":{"start":{"line":18,"column":43},"end":{"line":18,"column":51}},"loc":{"start":{"line":18,"column":43},"end":{"line":18,"column":90}}},"14":{"name":"(anonymous_14)","decl":{"start":{"line":28,"column":18},"end":{"line":28,"column":19}},"loc":{"start":{"line":28,"column":37},"end":{"line":31,"column":1}}}},"branchMap":{"0":{"loc":{"start":{"line":29,"column":2},"end":{"line":30,"column":14}},"type":"if","locations":[{"start":{"line":29,"column":2},"end":{"line":30,"column":14}},{"start":{"line":29,"column":2},"end":{"line":30,"column":14}}]},"1":{"loc":{"start":{"line":29,"column":6},"end":{"line":29,"column":29}},"type":"binary-expr","locations":[{"start":{"line":29,"column":6},"end":{"line":29,"column":29}},{"start":{"line":29,"column":33},"end":{"line":29,"column":62}}]}},"s":{"0":0,"1":0,"2":0,"3":0,"4":0,"5":0,"6":0,"7":0,"8":0,"9":0,"10":0,"11":0,"12":0,"13":0,"14":0,"15":0,"16":0},"f":{"0":0,"1":0,"2":0,"3":0,"4":0,"5":0,"6":0,"7":0,"8":0,"9":0,"10":0,"11":0,"12":0,"13":0,"14":0},"b":{"0":[0,0],"1":[0,0]}}
,"/home/yurii/web/krrop-oncod-front-end/krrop-oncod/src/service/api.ts": {"path":"/home/yurii/web/krrop-oncod-front-end/krrop-oncod/src/service/api.ts","statementMap":{"0":{"start":{"line":1,"column":0},"end":{"line":1,"column":26}},"1":{"start":{"line":2,"column":0},"end":{"line":2,"column":37}},"2":{"start":{"line":4,"column":18},"end":{"line":12,"column":2}},"3":{"start":{"line":14,"column":0},"end":{"line":22,"column":3}},"4":{"start":{"line":15,"column":2},"end":{"line":17,"column":null}},"5":{"start":{"line":16,"column":4},"end":{"line":16,"column":70}},"6":{"start":{"line":18,"column":2},"end":{"line":18,"column":16}},"7":{"start":{"line":21,"column":2},"end":{"line":21,"column":31}},"8":{"start":{"line":24,"column":0},"end":{"line":24,"column":25}}},"fnMap":{"0":{"name":"(anonymous_0)","decl":{"start":{"line":14,"column":35},"end":{"line":14,"column":45}},"loc":{"start":{"line":14,"column":51},"end":{"line":19,"column":1}}},"1":{"name":"(anonymous_1)","decl":{"start":{"line":19,"column":3},"end":{"line":19,"column":13}},"loc":{"start":{"line":19,"column":18},"end":{"line":22,"column":1}}}},"branchMap":{"0":{"loc":{"start":{"line":15,"column":2},"end":{"line":17,"column":null}},"type":"if","locations":[{"start":{"line":15,"column":2},"end":{"line":17,"column":null}},{"start":{"line":15,"column":2},"end":{"line":17,"column":null}}]}},"s":{"0":5,"1":5,"2":5,"3":5,"4":3,"5":0,"6":3,"7":0,"8":5},"f":{"0":3,"1":0},"b":{"0":[0,3]}}
,"/home/yurii/web/krrop-oncod-front-end/krrop-oncod/src/service/methodsApi.ts": {"path":"/home/yurii/web/krrop-oncod-front-end/krrop-oncod/src/service/methodsApi.ts","statementMap":{"0":{"start":{"line":1,"column":0},"end":{"line":1,"column":38}},"1":{"start":{"line":2,"column":0},"end":{"line":2,"column":37}},"2":{"start":{"line":8,"column":4},"end":{"line":8,"column":40}},"3":{"start":{"line":9,"column":4},"end":{"line":16,"column":7}},"4":{"start":{"line":11,"column":6},"end":{"line":11,"column":58}},"5":{"start":{"line":12,"column":6},"end":{"line":12,"column":62}},"6":{"start":{"line":13,"column":6},"end":{"line":13,"column":23}},"7":{"start":{"line":15,"column":6},"end":{"line":15,"column":17}},"8":{"start":{"line":20,"column":4},"end":{"line":28,"column":9}},"9":{"start":{"line":24,"column":8},"end":{"line":24,"column":25}},"10":{"start":{"line":27,"column":8},"end":{"line":27,"column":27}},"11":{"start":{"line":32,"column":4},"end":{"line":43,"column":9}},"12":{"start":{"line":34,"column":8},"end":{"line":34,"column":30}},"13":{"start":{"line":35,"column":8},"end":{"line":35,"column":36}},"14":{"start":{"line":36,"column":8},"end":{"line":36,"column":42}},"15":{"start":{"line":37,"column":8},"end":{"line":37,"column":41}},"16":{"start":{"line":38,"column":8},"end":{"line":38,"column":66}},"17":{"start":{"line":39,"column":8},"end":{"line":39,"column":17}},"18":{"start":{"line":42,"column":8},"end":{"line":42,"column":27}},"19":{"start":{"line":47,"column":4},"end":{"line":53,"column":9}},"20":{"start":{"line":49,"column":8},"end":{"line":49,"column":61}},"21":{"start":{"line":52,"column":8},"end":{"line":52,"column":27}},"22":{"start":{"line":4,"column":0},"end":{"line":4,"column":13}}},"fnMap":{"0":{"name":"(anonymous_0)","decl":{"start":{"line":7,"column":2},"end":{"line":7,"column":22}},"loc":{"start":{"line":7,"column":94},"end":{"line":17,"column":3}}},"1":{"name":"(anonymous_1)","decl":{"start":{"line":10,"column":10},"end":{"line":10,"column":11}},"loc":{"start":{"line":10,"column":23},"end":{"line":14,"column":5}}},"2":{"name":"(anonymous_2)","decl":{"start":{"line":14,"column":13},"end":{"line":14,"column":14}},"loc":{"start":{"line":14,"column":23},"end":{"line":16,"column":5}}},"3":{"name":"(anonymous_3)","decl":{"start":{"line":19,"column":9},"end":{"line":19,"column":23}},"loc":{"start":{"line":19,"column":54},"end":{"line":29,"column":3}}},"4":{"name":"(anonymous_4)","decl":{"start":{"line":23,"column":12},"end":{"line":23,"column":13}},"loc":{"start":{"line":23,"column":25},"end":{"line":25,"column":7}}},"5":{"name":"(anonymous_5)","decl":{"start":{"line":26,"column":13},"end":{"line":26,"column":14}},"loc":{"start":{"line":26,"column":23},"end":{"line":28,"column":7}}},"6":{"name":"(anonymous_6)","decl":{"start":{"line":31,"column":9},"end":{"line":31,"column":15}},"loc":{"start":{"line":31,"column":34},"end":{"line":44,"column":3}}},"7":{"name":"(anonymous_7)","decl":{"start":{"line":33,"column":12},"end":{"line":33,"column":13}},"loc":{"start":{"line":33,"column":25},"end":{"line":40,"column":7}}},"8":{"name":"(anonymous_8)","decl":{"start":{"line":41,"column":13},"end":{"line":41,"column":14}},"loc":{"start":{"line":41,"column":23},"end":{"line":43,"column":7}}},"9":{"name":"(anonymous_9)","decl":{"start":{"line":46,"column":9},"end":{"line":46,"column":20}},"loc":{"start":{"line":46,"column":20},"end":{"line":54,"column":3}}},"10":{"name":"(anonymous_10)","decl":{"start":{"line":48,"column":12},"end":{"line":48,"column":13}},"loc":{"start":{"line":48,"column":25},"end":{"line":50,"column":7}}},"11":{"name":"(anonymous_11)","decl":{"start":{"line":51,"column":13},"end":{"line":51,"column":14}},"loc":{"start":{"line":51,"column":23},"end":{"line":53,"column":7}}}},"branchMap":{},"s":{"0":5,"1":5,"2":1,"3":1,"4":0,"5":0,"6":0,"7":0,"8":1,"9":0,"10":0,"11":0,"12":0,"13":0,"14":0,"15":0,"16":0,"17":0,"18":0,"19":1,"20":0,"21":0,"22":5},"f":{"0":1,"1":0,"2":0,"3":1,"4":0,"5":0,"6":0,"7":0,"8":0,"9":1,"10":0,"11":0},"b":{}}
,"/home/yurii/web/krrop-oncod-front-end/krrop-oncod/src/store/index.ts": {"path":"/home/yurii/web/krrop-oncod-front-end/krrop-oncod/src/store/index.ts","statementMap":{"0":{"start":{"line":1,"column":0},"end":{"line":1,"column":null}},"1":{"start":{"line":4,"column":0},"end":{"line":4,"column":22}},"2":{"start":{"line":5,"column":0},"end":{"line":5,"column":24}},"3":{"start":{"line":6,"column":0},"end":{"line":6,"column":49}},"4":{"start":{"line":8,"column":19},"end":{"line":12,"column":2}},"5":{"start":{"line":14,"column":0},"end":{"line":14,"column":14}},"6":{"start":{"line":18,"column":2},"end":{"line":18,"column":null}},"7":{"start":{"line":20,"column":2},"end":{"line":20,"column":null}},"8":{"start":{"line":22,"column":2},"end":{"line":22,"column":null}},"9":{"start":{"line":24,"column":2},"end":{"line":24,"column":null}},"10":{"start":{"line":27,"column":4},"end":{"line":27,"column":null}},"11":{"start":{"line":31,"column":4},"end":{"line":31,"column":27}},"12":{"start":{"line":16,"column":0},"end":{"line":16,"column":13}},"13":{"start":{"line":35,"column":13},"end":{"line":40,"column":3}},"14":{"start":{"line":42,"column":13},"end":{"line":44,"column":2}}},"fnMap":{"0":{"name":"(anonymous_0)","decl":{"start":{"line":16,"column":0},"end":{"line":16,"column":13}},"loc":{"start":{"line":16,"column":0},"end":{"line":33,"column":1}}},"1":{"name":"(anonymous_1)","decl":{"start":{"line":26,"column":2},"end":{"line":26,"column":6}},"loc":{"start":{"line":26,"column":18},"end":{"line":28,"column":3}}},"2":{"name":"(anonymous_2)","decl":{"start":{"line":30,"column":2},"end":{"line":30,"column":6}},"loc":{"start":{"line":30,"column":22},"end":{"line":32,"column":3}}}},"branchMap":{},"s":{"0":5,"1":5,"2":5,"3":5,"4":5,"5":5,"6":5,"7":5,"8":5,"9":5,"10":0,"11":0,"12":5,"13":5,"14":5},"f":{"0":5,"1":0,"2":0},"b":{}}
,"/home/yurii/web/krrop-oncod-front-end/krrop-oncod/src/store/modules/logIn.ts": {"path":"/home/yurii/web/krrop-oncod-front-end/krrop-oncod/src/store/modules/logIn.ts","statementMap":{"0":{"start":{"line":2,"column":11},"end":{"line":2,"column":null}},"1":{"start":{"line":4,"column":11},"end":{"line":4,"column":null}},"2":{"start":{"line":7,"column":6},"end":{"line":7,"column":25}},"3":{"start":{"line":8,"column":6},"end":{"line":8,"column":31}},"4":{"start":{"line":1,"column":0},"end":{"line":1,"column":13}}},"fnMap":{"0":{"name":"(anonymous_0)","decl":{"start":{"line":6,"column":4},"end":{"line":6,"column":16}},"loc":{"start":{"line":6,"column":47},"end":{"line":9,"column":5}}}},"branchMap":{},"s":{"0":0,"1":0,"2":0,"3":0,"4":0},"f":{"0":0},"b":{}}
}
