TN:
SF:src/App.vue
FN:17,(anonymous_1)
FNF:1
FNH:1
FNDA:1,(anonymous_1)
DA:7,1
DA:8,1
DA:10,1
DA:17,1
DA:18,1
LF:5
LH:5
BRF:0
BRH:0
end_of_record
TN:
SF:src/interfaces.ts
FN:7,(anonymous_0)
FNF:1
FNH:1
FNDA:1,(anonymous_0)
DA:7,1
DA:8,1
DA:9,1
DA:10,1
DA:11,1
DA:12,1
DA:13,1
DA:14,1
LF:8
LH:8
BRDA:7,0,0,1
BRDA:7,0,1,1
BRF:2
BRH:2
end_of_record
TN:
SF:src/main.ts
FN:19,(anonymous_0)
FNF:1
FNH:0
FNDA:0,(anonymous_0)
DA:1,0
DA:2,0
DA:3,0
DA:4,0
DA:5,0
DA:6,0
DA:7,0
DA:8,0
DA:10,0
DA:12,0
DA:13,0
DA:16,0
DA:19,0
LF:13
LH:0
BRDA:12,0,0,0
BRDA:12,0,1,0
BRF:2
BRH:0
end_of_record
TN:
SF:src/registerServiceWorker.ts
FN:7,(anonymous_0)
FN:13,(anonymous_1)
FN:16,(anonymous_2)
FN:19,(anonymous_3)
FN:22,(anonymous_4)
FN:25,(anonymous_5)
FN:28,(anonymous_6)
FNF:7
FNH:0
FNDA:0,(anonymous_0)
FNDA:0,(anonymous_1)
FNDA:0,(anonymous_2)
FNDA:0,(anonymous_3)
FNDA:0,(anonymous_4)
FNDA:0,(anonymous_5)
FNDA:0,(anonymous_6)
DA:3,0
DA:5,0
DA:6,0
DA:8,0
DA:14,0
DA:17,0
DA:20,0
DA:23,0
DA:26,0
DA:29,0
LF:10
LH:0
BRDA:5,0,0,0
BRDA:5,0,1,0
BRF:2
BRH:0
end_of_record
TN:
SF:src/shims-tsx.d.ts
FNF:0
FNH:0
LF:0
LH:0
BRF:0
BRH:0
end_of_record
TN:
SF:src/shims-vue.d.ts
FNF:0
FNH:0
LF:0
LH:0
BRF:0
BRH:0
end_of_record
TN:
SF:src/@types/index.d.ts
FNF:0
FNH:0
LF:0
LH:0
BRF:0
BRH:0
end_of_record
TN:
SF:src/components/Layout.vue
FNF:0
FNH:0
DA:7,2
DA:13,2
LF:2
LH:2
BRF:0
BRH:0
end_of_record
TN:
SF:src/components/operator/Inspection.vue
FN:20,(anonymous_1)
FNF:1
FNH:1
FNDA:1,(anonymous_1)
DA:17,1
DA:20,2
DA:21,1
DA:23,1
LF:4
LH:4
BRF:0
BRH:0
end_of_record
TN:
SF:src/components/operator/Observation.vue
FN:20,(anonymous_1)
FNF:1
FNH:1
FNDA:1,(anonymous_1)
DA:17,1
DA:20,2
DA:21,1
DA:23,1
LF:4
LH:4
BRF:0
BRH:0
end_of_record
TN:
SF:src/components/operator/SelfData.vue
FNF:0
FNH:0
DA:51,1
DA:54,2
LF:2
LH:2
BRF:0
BRH:0
end_of_record
TN:
SF:src/components/operator/Treatment.vue
FN:20,(anonymous_1)
FNF:1
FNH:1
FNDA:1,(anonymous_1)
DA:17,1
DA:20,2
DA:21,1
DA:23,1
LF:4
LH:4
BRF:0
BRH:0
end_of_record
TN:
SF:src/layout/Authorization.vue
FN:45,(anonymous_1)
FN:62,(anonymous_2)
FN:79,(anonymous_3)
FN:88,(anonymous_4)
FN:95,(anonymous_5)
FNF:5
FNH:3
FNDA:1,(anonymous_1)
FNDA:3,(anonymous_2)
FNDA:3,(anonymous_3)
FNDA:0,(anonymous_4)
FNDA:0,(anonymous_5)
DA:22,1
DA:23,1
DA:25,1
DA:26,1
DA:27,1
DA:31,1
DA:45,1
DA:46,1
DA:48,1
DA:50,1
DA:52,1
DA:54,1
DA:56,1
DA:58,1
DA:63,3
DA:64,3
DA:65,1
DA:69,1
DA:70,0
DA:71,0
DA:80,3
DA:82,2
DA:84,1
DA:89,0
DA:90,0
DA:96,0
DA:97,0
DA:99,0
LF:28
LH:21
BRDA:64,0,0,1
BRDA:64,0,1,2
BRDA:69,1,0,0
BRDA:69,1,1,1
BRDA:80,2,0,2
BRDA:80,2,1,1
BRDA:80,3,0,3
BRDA:80,3,1,2
BRDA:80,3,2,2
BRDA:80,3,3,1
BRDA:89,4,0,0
BRDA:89,4,1,0
BRDA:96,5,0,0
BRDA:96,5,1,0
BRDA:97,6,0,0
BRDA:97,6,1,0
BRDA:97,7,0,0
BRDA:97,7,1,0
BRF:18
BRH:9
end_of_record
TN:
SF:src/layout/common/Header.vue
FN:19,(anonymous_1)
FN:26,(anonymous_2)
FN:30,(anonymous_3)
FN:34,(anonymous_4)
FN:40,(anonymous_5)
FN:41,(anonymous_6)
FN:44,(anonymous_7)
FN:48,(anonymous_8)
FNF:8
FNH:4
FNDA:7,(anonymous_1)
FNDA:7,(anonymous_2)
FNDA:7,(anonymous_3)
FNDA:0,(anonymous_4)
FNDA:0,(anonymous_5)
FNDA:0,(anonymous_6)
FNDA:1,(anonymous_7)
FNDA:0,(anonymous_8)
DA:14,3
DA:15,3
DA:19,6
DA:20,7
DA:22,7
DA:24,7
DA:27,7
DA:31,7
DA:35,0
DA:36,0
DA:37,0
DA:41,0
DA:45,1
DA:49,0
LF:14
LH:9
BRF:0
BRH:0
end_of_record
TN:
SF:src/layout/operator/PatientCard.vue
FN:35,(anonymous_1)
FNF:1
FNH:1
FNDA:1,(anonymous_1)
DA:26,1
DA:27,1
DA:28,1
DA:35,1
DA:36,1
DA:38,1
LF:6
LH:6
BRF:0
BRH:0
end_of_record
TN:
SF:src/layout/operator/PatientsListPage.vue
FN:38,(anonymous_1)
FN:45,(anonymous_2)
FNF:2
FNH:2
FNDA:1,(anonymous_1)
FNDA:1,(anonymous_2)
DA:27,1
DA:28,1
DA:29,1
DA:30,1
DA:31,1
DA:38,1
DA:39,1
DA:41,1
DA:43,1
DA:46,1
LF:10
LH:10
BRF:0
BRH:0
end_of_record
TN:
SF:src/router/index.ts
FN:8,(anonymous_0)
FN:8,(anonymous_1)
FN:9,(anonymous_2)
FN:9,(anonymous_3)
FN:13,(anonymous_4)
FN:13,(anonymous_5)
FN:15,(anonymous_6)
FN:15,(anonymous_7)
FN:16,(anonymous_8)
FN:16,(anonymous_9)
FN:17,(anonymous_10)
FN:17,(anonymous_11)
FN:18,(anonymous_12)
FN:18,(anonymous_13)
FN:28,(anonymous_14)
FNF:15
FNH:0
FNDA:0,(anonymous_0)
FNDA:0,(anonymous_1)
FNDA:0,(anonymous_2)
FNDA:0,(anonymous_3)
FNDA:0,(anonymous_4)
FNDA:0,(anonymous_5)
FNDA:0,(anonymous_6)
FNDA:0,(anonymous_7)
FNDA:0,(anonymous_8)
FNDA:0,(anonymous_9)
FNDA:0,(anonymous_10)
FNDA:0,(anonymous_11)
FNDA:0,(anonymous_12)
FNDA:0,(anonymous_13)
FNDA:0,(anonymous_14)
DA:1,0
DA:2,0
DA:3,0
DA:5,0
DA:7,0
DA:8,0
DA:9,0
DA:13,0
DA:15,0
DA:16,0
DA:17,0
DA:18,0
DA:24,0
DA:28,0
DA:29,0
DA:30,0
LF:16
LH:0
BRDA:29,0,0,0
BRDA:29,0,1,0
BRDA:29,1,0,0
BRDA:29,1,1,0
BRF:4
BRH:0
end_of_record
TN:
SF:src/service/api.ts
FN:14,(anonymous_0)
FN:19,(anonymous_1)
FNF:2
FNH:1
FNDA:9,(anonymous_0)
FNDA:0,(anonymous_1)
DA:1,5
DA:2,5
DA:4,5
DA:14,5
DA:15,9
DA:16,0
DA:18,9
DA:21,0
DA:24,5
LF:9
LH:7
BRDA:15,0,0,0
BRDA:15,0,1,9
BRF:2
BRH:1
end_of_record
TN:
SF:src/service/methodsApi.ts
FN:7,(anonymous_0)
FN:10,(anonymous_1)
FN:14,(anonymous_2)
FN:19,(anonymous_3)
FN:23,(anonymous_4)
FN:26,(anonymous_5)
FN:31,(anonymous_6)
FN:33,(anonymous_7)
FN:41,(anonymous_8)
FN:46,(anonymous_9)
FN:48,(anonymous_10)
FN:51,(anonymous_11)
FNF:12
FNH:3
FNDA:0,(anonymous_0)
FNDA:0,(anonymous_1)
FNDA:0,(anonymous_2)
FNDA:7,(anonymous_3)
FNDA:0,(anonymous_4)
FNDA:0,(anonymous_5)
FNDA:1,(anonymous_6)
FNDA:0,(anonymous_7)
FNDA:0,(anonymous_8)
FNDA:1,(anonymous_9)
FNDA:0,(anonymous_10)
FNDA:0,(anonymous_11)
DA:1,5
DA:2,5
DA:4,5
DA:8,0
DA:9,0
DA:11,0
DA:12,0
DA:13,0
DA:15,0
DA:20,7
DA:24,0
DA:27,0
DA:32,1
DA:34,0
DA:35,0
DA:36,0
DA:37,0
DA:38,0
DA:39,0
DA:42,0
DA:47,1
DA:49,0
DA:52,0
LF:23
LH:6
BRF:0
BRH:0
end_of_record
TN:
SF:src/store/index.ts
FN:16,(anonymous_0)
FN:26,(anonymous_1)
FN:30,(anonymous_2)
FNF:3
FNH:1
FNDA:5,(anonymous_0)
FNDA:0,(anonymous_1)
FNDA:0,(anonymous_2)
DA:1,5
DA:4,5
DA:5,5
DA:6,5
DA:8,5
DA:14,5
DA:16,5
DA:18,5
DA:20,5
DA:22,5
DA:24,5
DA:27,0
DA:31,0
DA:35,5
DA:42,5
LF:15
LH:13
BRF:0
BRH:0
end_of_record
TN:
SF:src/store/modules/logIn.ts
FN:6,(anonymous_0)
FNF:1
FNH:0
FNDA:0,(anonymous_0)
DA:1,0
DA:2,0
DA:4,0
DA:7,0
DA:8,0
LF:5
LH:0
BRF:0
BRH:0
end_of_record
